<?xml version="1.0" encoding="UTF-8"?>
<!-- Generated by org.testng.reporters.JUnitReportReporter -->
<testsuite hostname="DESKTOP-OGMR2FK" failures="0" tests="1" name="com.herokuapp.theinternet.NegativeTests" time="9.756" errors="0" timestamp="2021-07-07T23:45:08 EDT" skipped="0">
  <testcase classname="com.herokuapp.theinternet.NegativeTests" name="incorrectUsernameTest" time="9.756"/>
  <system-out/>
</testsuite> <!-- com.herokuapp.theinternet.NegativeTests -->
