<?xml version="1.0" encoding="UTF-8"?>
<!-- Generated by org.testng.reporters.JUnitReportReporter -->
<testsuite hostname="DESKTOP-OGMR2FK" failures="0" tests="2" name="com.herokuapp.theinternet.NegativeTests" time="9.846" errors="0" timestamp="2021-07-11T00:20:11 EDT" skipped="1">
  <testcase classname="com.herokuapp.theinternet.NegativeTests" name="incorrectUsernameTest" time="9.846"/>
  <system-out/>
  <testcase classname="com.herokuapp.theinternet.NegativeTests" name="incorrectPasswordTest">
    <skipped/>
  </testcase> <!-- incorrectPasswordTest -->
  <system-out/>
</testsuite> <!-- com.herokuapp.theinternet.NegativeTests -->
