<?xml version="1.0" encoding="UTF-8"?>
<!-- Generated by org.testng.reporters.JUnitReportReporter -->
<testsuite hostname="DESKTOP-OGMR2FK" failures="0" tests="1" name="com.herokuapp.theinternet.PositiveTests" time="10.709" errors="0" timestamp="2021-07-10T15:59:09 EDT" skipped="0">
  <testcase classname="com.herokuapp.theinternet.PositiveTests" name="loginTest" time="10.709"/>
  <system-out/>
</testsuite> <!-- com.herokuapp.theinternet.PositiveTests -->
